2019:01:07 20:37:04.298 INFO  --- [main] c.juana.GiveMeAnEstimateApplication : Starting GiveMeAnEstimateApplication on juana.local with PID 7446 (/Users/juana/Documents/workspcae/GiveMeAnEstimates/build/classes/java/main started by juana in /Users/juana/Documents/workspcae/GiveMeAnEstimates) 
2019:01:07 20:37:04.301 INFO  --- [main] c.juana.GiveMeAnEstimateApplication : The following profiles are active: dev 
2019:01:07 20:37:04.374 INFO  --- [main] o.s.b.w.s.c.AnnotationConfigServletWebServerApplicationContext : Refreshing org.springframework.boot.web.servlet.context.AnnotationConfigServletWebServerApplicationContext@5aebe890: startup date [Mon Jan 07 20:37:04 KST 2019]; root of context hierarchy 
2019:01:07 20:37:05.939 INFO  --- [main] o.s.c.s.PostProcessorRegistrationDelegate$BeanPostProcessorChecker : Bean 'dataManagerConfig' of type [com.juana.config.DataManagerConfig$$EnhancerBySpringCGLIB$$b8d7533b] is not eligible for getting processed by all BeanPostProcessors (for example: not eligible for auto-proxying) 
2019:01:07 20:37:06.061 INFO  --- [main] o.s.c.s.PostProcessorRegistrationDelegate$BeanPostProcessorChecker : Bean 'org.springframework.transaction.annotation.ProxyTransactionManagementConfiguration' of type [org.springframework.transaction.annotation.ProxyTransactionManagementConfiguration$$EnhancerBySpringCGLIB$$2e692bcb] is not eligible for getting processed by all BeanPostProcessors (for example: not eligible for auto-proxying) 
2019:01:07 20:37:06.105 INFO  --- [main] o.s.c.s.PostProcessorRegistrationDelegate$BeanPostProcessorChecker : Bean 'org.springframework.hateoas.config.HateoasConfiguration' of type [org.springframework.hateoas.config.HateoasConfiguration$$EnhancerBySpringCGLIB$$ade978fd] is not eligible for getting processed by all BeanPostProcessors (for example: not eligible for auto-proxying) 
2019:01:07 20:37:06.593 INFO  --- [main] o.s.b.w.e.tomcat.TomcatWebServer : Tomcat initialized with port(s): 8888 (http) 
2019:01:07 20:37:06.616 INFO  --- [main] o.a.coyote.http11.Http11NioProtocol : Initializing ProtocolHandler ["http-nio-8888"] 
2019:01:07 20:37:06.628 INFO  --- [main] o.a.catalina.core.StandardService : Starting service [Tomcat] 
2019:01:07 20:37:06.629 INFO  --- [main] o.a.catalina.core.StandardEngine : Starting Servlet Engine: Apache Tomcat/8.5.34 
2019:01:07 20:37:06.639 INFO  --- [localhost-startStop-1] o.a.c.core.AprLifecycleListener : The APR based Apache Tomcat Native library which allows optimal performance in production environments was not found on the java.library.path: [/Users/juana/Library/Java/Extensions:/Library/Java/Extensions:/Network/Library/Java/Extensions:/System/Library/Java/Extensions:/usr/lib/java:.] 
2019:01:07 20:37:07.253 INFO  --- [localhost-startStop-1] o.a.c.c.C.[Tomcat].[localhost].[/] : Initializing Spring embedded WebApplicationContext 
2019:01:07 20:37:07.254 INFO  --- [localhost-startStop-1] o.s.web.context.ContextLoader : Root WebApplicationContext: initialization completed in 2880 ms 
2019:01:07 20:37:07.303 INFO  --- [localhost-startStop-1] o.s.b.w.s.ServletRegistrationBean : Servlet dispatcherServlet mapped to [/] 
2019:01:07 20:37:07.306 INFO  --- [localhost-startStop-1] o.s.b.w.s.FilterRegistrationBean : Mapping filter: 'characterEncodingFilter' to: [/*] 
2019:01:07 20:37:07.307 INFO  --- [localhost-startStop-1] o.s.b.w.s.FilterRegistrationBean : Mapping filter: 'hiddenHttpMethodFilter' to: [/*] 
2019:01:07 20:37:07.307 INFO  --- [localhost-startStop-1] o.s.b.w.s.FilterRegistrationBean : Mapping filter: 'httpPutFormContentFilter' to: [/*] 
2019:01:07 20:37:07.307 INFO  --- [localhost-startStop-1] o.s.b.w.s.FilterRegistrationBean : Mapping filter: 'requestContextFilter' to: [/*] 
2019:01:07 20:37:07.351 INFO  --- [main] com.juana.config.DataSourceConfig : >>>>>>> 11111 
2019:01:07 20:37:07.403 INFO  --- [main] o.s.o.j.LocalContainerEntityManagerFactoryBean : Building JPA container EntityManagerFactory for persistence unit 'entityManagerUnit' 
2019:01:07 20:37:07.509 INFO  --- [main] org.hibernate.Version : HHH000412: Hibernate Core {5.2.17.Final} 
2019:01:07 20:37:07.510 INFO  --- [main] org.hibernate.cfg.Environment : HHH000206: hibernate.properties not found 
2019:01:07 20:37:07.551 INFO  --- [main] o.h.annotations.common.Version : HCANN000001: Hibernate Commons Annotations {5.0.1.Final} 
2019:01:07 20:37:07.694 ERROR --- [main] com.zaxxer.hikari.HikariConfig : HikariPool-1 - dataSource or dataSourceClassName or jdbcUrl is required. 
2019:01:07 20:37:07.694 WARN  --- [main] o.h.e.j.e.i.JdbcEnvironmentInitiator : HHH000342: Could not obtain connection to query metadata : dataSource or dataSourceClassName or jdbcUrl is required. 
2019:01:07 20:37:07.696 WARN  --- [main] o.s.b.w.s.c.AnnotationConfigServletWebServerApplicationContext : Exception encountered during context initialization - cancelling refresh attempt: org.springframework.beans.factory.BeanCreationException: Error creating bean with name 'entityManagerFactory' defined in class path resource [com/juana/config/DataManagerConfig.class]: Invocation of init method failed; nested exception is org.hibernate.service.spi.ServiceException: Unable to create requested service [org.hibernate.engine.jdbc.env.spi.JdbcEnvironment] 
2019:01:07 20:37:07.699 INFO  --- [main] o.a.catalina.core.StandardService : Stopping service [Tomcat] 
2019:01:07 20:37:07.734 ERROR --- [main] o.s.boot.SpringApplication : Application run failed 
org.springframework.beans.factory.BeanCreationException: Error creating bean with name 'entityManagerFactory' defined in class path resource [com/juana/config/DataManagerConfig.class]: Invocation of init method failed; nested exception is org.hibernate.service.spi.ServiceException: Unable to create requested service [org.hibernate.engine.jdbc.env.spi.JdbcEnvironment]
	at org.springframework.beans.factory.support.AbstractAutowireCapableBeanFactory.initializeBean(AbstractAutowireCapableBeanFactory.java:1699)
	at org.springframework.beans.factory.support.AbstractAutowireCapableBeanFactory.doCreateBean(AbstractAutowireCapableBeanFactory.java:573)
	at org.springframework.beans.factory.support.AbstractAutowireCapableBeanFactory.createBean(AbstractAutowireCapableBeanFactory.java:495)
	at org.springframework.beans.factory.support.AbstractBeanFactory.lambda$doGetBean$0(AbstractBeanFactory.java:317)
	at org.springframework.beans.factory.support.DefaultSingletonBeanRegistry.getSingleton(DefaultSingletonBeanRegistry.java:222)
	at org.springframework.beans.factory.support.AbstractBeanFactory.doGetBean(AbstractBeanFactory.java:315)
	at org.springframework.beans.factory.support.AbstractBeanFactory.getBean(AbstractBeanFactory.java:199)
	at org.springframework.context.support.AbstractApplicationContext.getBean(AbstractApplicationContext.java:1089)
	at org.springframework.context.support.AbstractApplicationContext.finishBeanFactoryInitialization(AbstractApplicationContext.java:859)
	at org.springframework.context.support.AbstractApplicationContext.refresh(AbstractApplicationContext.java:550)
	at org.springframework.boot.web.servlet.context.ServletWebServerApplicationContext.refresh(ServletWebServerApplicationContext.java:140)
	at org.springframework.boot.SpringApplication.refresh(SpringApplication.java:780)
	at org.springframework.boot.SpringApplication.refreshContext(SpringApplication.java:412)
	at org.springframework.boot.SpringApplication.run(SpringApplication.java:333)
	at org.springframework.boot.SpringApplication.run(SpringApplication.java:1277)
	at org.springframework.boot.SpringApplication.run(SpringApplication.java:1265)
	at com.juana.GiveMeAnEstimateApplication.main(GiveMeAnEstimateApplication.java:22)
Caused by: org.hibernate.service.spi.ServiceException: Unable to create requested service [org.hibernate.engine.jdbc.env.spi.JdbcEnvironment]
	at org.hibernate.service.internal.AbstractServiceRegistryImpl.createService(AbstractServiceRegistryImpl.java:271)
	at org.hibernate.service.internal.AbstractServiceRegistryImpl.initializeService(AbstractServiceRegistryImpl.java:233)
	at org.hibernate.service.internal.AbstractServiceRegistryImpl.getService(AbstractServiceRegistryImpl.java:210)
	at org.hibernate.engine.jdbc.internal.JdbcServicesImpl.configure(JdbcServicesImpl.java:51)
	at org.hibernate.boot.registry.internal.StandardServiceRegistryImpl.configureService(StandardServiceRegistryImpl.java:94)
	at org.hibernate.service.internal.AbstractServiceRegistryImpl.initializeService(AbstractServiceRegistryImpl.java:242)
	at org.hibernate.service.internal.AbstractServiceRegistryImpl.getService(AbstractServiceRegistryImpl.java:210)
	at org.hibernate.boot.model.process.spi.MetadataBuildingProcess.handleTypes(MetadataBuildingProcess.java:352)
	at org.hibernate.boot.model.process.spi.MetadataBuildingProcess.complete(MetadataBuildingProcess.java:111)
	at org.hibernate.jpa.boot.internal.EntityManagerFactoryBuilderImpl.metadata(EntityManagerFactoryBuilderImpl.java:861)
	at org.hibernate.jpa.boot.internal.EntityManagerFactoryBuilderImpl.build(EntityManagerFactoryBuilderImpl.java:888)
	at org.hibernate.jpa.HibernatePersistenceProvider.createContainerEntityManagerFactory(HibernatePersistenceProvider.java:151)
	at org.springframework.orm.jpa.LocalContainerEntityManagerFactoryBean.createNativeEntityManagerFactory(LocalContainerEntityManagerFactoryBean.java:365)
	at org.springframework.orm.jpa.AbstractEntityManagerFactoryBean.buildNativeEntityManagerFactory(AbstractEntityManagerFactoryBean.java:390)
	at org.springframework.orm.jpa.AbstractEntityManagerFactoryBean.afterPropertiesSet(AbstractEntityManagerFactoryBean.java:377)
	at org.springframework.orm.jpa.LocalContainerEntityManagerFactoryBean.afterPropertiesSet(LocalContainerEntityManagerFactoryBean.java:341)
	at org.springframework.beans.factory.support.AbstractAutowireCapableBeanFactory.invokeInitMethods(AbstractAutowireCapableBeanFactory.java:1758)
	at org.springframework.beans.factory.support.AbstractAutowireCapableBeanFactory.initializeBean(AbstractAutowireCapableBeanFactory.java:1695)
	... 16 common frames omitted
Caused by: org.hibernate.HibernateException: Access to DialectResolutionInfo cannot be null when 'hibernate.dialect' not set
	at org.hibernate.engine.jdbc.dialect.internal.DialectFactoryImpl.determineDialect(DialectFactoryImpl.java:100)
	at org.hibernate.engine.jdbc.dialect.internal.DialectFactoryImpl.buildDialect(DialectFactoryImpl.java:54)
	at org.hibernate.engine.jdbc.env.internal.JdbcEnvironmentInitiator.initiateService(JdbcEnvironmentInitiator.java:137)
	at org.hibernate.engine.jdbc.env.internal.JdbcEnvironmentInitiator.initiateService(JdbcEnvironmentInitiator.java:35)
	at org.hibernate.boot.registry.internal.StandardServiceRegistryImpl.initiateService(StandardServiceRegistryImpl.java:88)
	at org.hibernate.service.internal.AbstractServiceRegistryImpl.createService(AbstractServiceRegistryImpl.java:259)
	... 33 common frames omitted
