2018:12:12 11:36:18.001 INFO  --- [main] o.s.c.c.c.ConfigServicePropertySourceLocator : Fetching config from server at : http://localhost:8888 
2018:12:12 11:36:18.093 INFO  --- [main] o.s.c.c.c.ConfigServicePropertySourceLocator : Connect Timeout Exception on Url - http://localhost:8888. Will be trying the next url if available 
2018:12:12 11:36:18.094 WARN  --- [main] o.s.c.c.c.ConfigServicePropertySourceLocator : Could not locate PropertySource: I/O error on GET request for "http://localhost:8888/application/default": Connection refused (Connection refused); nested exception is java.net.ConnectException: Connection refused (Connection refused) 
2018:12:12 11:36:18.096 INFO  --- [main] c.juana.GiveMeAnEstimateApplication : The following profiles are active: dev 
2018:12:12 11:36:18.582 INFO  --- [main] o.s.d.r.c.RepositoryConfigurationDelegate : Bootstrapping Spring Data repositories in DEFAULT mode. 
2018:12:12 11:36:18.625 INFO  --- [main] o.s.d.r.c.RepositoryConfigurationDelegate : Finished Spring Data repository scanning in 37ms. Found 1 repository interfaces. 
2018:12:12 11:36:19.081 INFO  --- [main] o.s.c.context.scope.GenericScope : BeanFactory id=752ac59b-bd0d-3144-9dfb-d1dcb5f58250 
2018:12:12 11:36:19.099 INFO  --- [main] o.s.c.s.PostProcessorRegistrationDelegate$BeanPostProcessorChecker : Bean 'dataManagerConfig' of type [com.juana.config.DataManagerConfig$$EnhancerBySpringCGLIB$$c19ca5d4] is not eligible for getting processed by all BeanPostProcessors (for example: not eligible for auto-proxying) 
2018:12:12 11:36:19.163 INFO  --- [main] o.s.c.s.PostProcessorRegistrationDelegate$BeanPostProcessorChecker : Bean 'org.springframework.transaction.annotation.ProxyTransactionManagementConfiguration' of type [org.springframework.transaction.annotation.ProxyTransactionManagementConfiguration$$EnhancerBySpringCGLIB$$372e7e64] is not eligible for getting processed by all BeanPostProcessors (for example: not eligible for auto-proxying) 
2018:12:12 11:36:19.177 INFO  --- [main] o.s.c.s.PostProcessorRegistrationDelegate$BeanPostProcessorChecker : Bean 'org.springframework.hateoas.config.HateoasConfiguration' of type [org.springframework.hateoas.config.HateoasConfiguration$$EnhancerBySpringCGLIB$$b6aecb96] is not eligible for getting processed by all BeanPostProcessors (for example: not eligible for auto-proxying) 
2018:12:12 11:36:19.184 INFO  --- [main] o.s.c.s.PostProcessorRegistrationDelegate$BeanPostProcessorChecker : Bean 'org.springframework.cloud.autoconfigure.ConfigurationPropertiesRebinderAutoConfiguration' of type [org.springframework.cloud.autoconfigure.ConfigurationPropertiesRebinderAutoConfiguration$$EnhancerBySpringCGLIB$$53488161] is not eligible for getting processed by all BeanPostProcessors (for example: not eligible for auto-proxying) 
2018:12:12 11:36:19.608 INFO  --- [main] o.s.b.w.e.tomcat.TomcatWebServer : Tomcat initialized with port(s): 8080 (http) 
2018:12:12 11:36:19.624 INFO  --- [main] o.a.coyote.http11.Http11NioProtocol : Initializing ProtocolHandler ["http-nio-8080"] 
2018:12:12 11:36:19.635 INFO  --- [main] o.a.catalina.core.StandardService : Starting service [Tomcat] 
2018:12:12 11:36:19.635 INFO  --- [main] o.a.catalina.core.StandardEngine : Starting Servlet Engine: Apache Tomcat/9.0.13 
2018:12:12 11:36:19.641 INFO  --- [main] o.a.c.core.AprLifecycleListener : The APR based Apache Tomcat Native library which allows optimal performance in production environments was not found on the java.library.path: [/Users/juana/Library/Java/Extensions:/Library/Java/Extensions:/Network/Library/Java/Extensions:/System/Library/Java/Extensions:/usr/lib/java:.] 
2018:12:12 11:36:19.738 INFO  --- [main] o.a.c.c.C.[Tomcat].[localhost].[/] : Initializing Spring embedded WebApplicationContext 
2018:12:12 11:36:19.738 INFO  --- [main] o.s.web.context.ContextLoader : Root WebApplicationContext: initialization completed in 1629 ms 
2018:12:12 11:36:20.209 INFO  --- [main] com.zaxxer.hikari.HikariDataSource : HikariPool-1 - Starting... 
2018:12:12 11:36:20.211 WARN  --- [main] c.z.hikari.util.DriverDataSource : Registered driver with driverClassName=com.mysql.jdbc.Driver was not found, trying direct instantiation. 
