2018:12:11 19:16:36.932 INFO  --- [Test worker] c.j.GiveMeAnEstimateApplicationTests : Starting GiveMeAnEstimateApplicationTests on juana.local with PID 36418 (started by juana in /Users/juana/Documents/workspcae/GiveMeAnEstimates) 
2018:12:11 19:16:36.933 INFO  --- [Test worker] c.j.GiveMeAnEstimateApplicationTests : The following profiles are active: local 
2018:12:11 19:16:37.749 INFO  --- [Test worker] o.s.d.r.c.RepositoryConfigurationDelegate : Multiple Spring Data modules found, entering strict repository configuration mode! 
2018:12:11 19:16:37.750 INFO  --- [Test worker] o.s.d.r.c.RepositoryConfigurationDelegate : Bootstrapping Spring Data repositories in DEFAULT mode. 
2018:12:11 19:16:37.830 INFO  --- [Test worker] o.s.d.r.c.RepositoryConfigurationDelegate : Finished Spring Data repository scanning in 67ms. Found 1 repository interfaces. 
2018:12:11 19:16:38.167 INFO  --- [Test worker] o.s.d.r.c.RepositoryConfigurationDelegate : Multiple Spring Data modules found, entering strict repository configuration mode! 
2018:12:11 19:16:38.168 INFO  --- [Test worker] o.s.d.r.c.RepositoryConfigurationDelegate : Bootstrapping Spring Data repositories in DEFAULT mode. 
2018:12:11 19:16:38.186 INFO  --- [Test worker] o.s.d.r.c.RepositoryConfigurationExtensionSupport : Spring Data Elasticsearch - Could not safely identify store assignment for repository candidate interface com.juana.repository.BoardRepository. 
2018:12:11 19:16:38.186 INFO  --- [Test worker] o.s.d.r.c.RepositoryConfigurationDelegate : Finished Spring Data repository scanning in 8ms. Found 0 repository interfaces. 
2018:12:11 19:16:38.658 INFO  --- [Test worker] o.s.c.s.PostProcessorRegistrationDelegate$BeanPostProcessorChecker : Bean 'dataManagerConfig' of type [com.juana.config.DataManagerConfig$$EnhancerBySpringCGLIB$$c587990b] is not eligible for getting processed by all BeanPostProcessors (for example: not eligible for auto-proxying) 
2018:12:11 19:16:38.767 INFO  --- [Test worker] o.s.c.s.PostProcessorRegistrationDelegate$BeanPostProcessorChecker : Bean 'org.springframework.transaction.annotation.ProxyTransactionManagementConfiguration' of type [org.springframework.transaction.annotation.ProxyTransactionManagementConfiguration$$EnhancerBySpringCGLIB$$3b19719b] is not eligible for getting processed by all BeanPostProcessors (for example: not eligible for auto-proxying) 
2018:12:11 19:16:38.800 INFO  --- [Test worker] o.s.c.s.PostProcessorRegistrationDelegate$BeanPostProcessorChecker : Bean 'org.springframework.hateoas.config.HateoasConfiguration' of type [org.springframework.hateoas.config.HateoasConfiguration$$EnhancerBySpringCGLIB$$ba99becd] is not eligible for getting processed by all BeanPostProcessors (for example: not eligible for auto-proxying) 
2018:12:11 19:16:38.920 INFO  --- [Test worker] com.zaxxer.hikari.HikariDataSource : HikariPool-1 - Starting... 
2018:12:11 19:16:38.925 WARN  --- [Test worker] c.z.hikari.util.DriverDataSource : Registered driver with driverClassName=com.mysql.jdbc.Driver was not found, trying direct instantiation. 
2018:12:11 19:16:39.406 INFO  --- [Test worker] com.zaxxer.hikari.HikariDataSource : HikariPool-1 - Start completed. 
2018:12:11 19:16:39.552 INFO  --- [Test worker] org.hibernate.Version : HHH000412: Hibernate Core {5.3.7.Final} 
2018:12:11 19:16:39.554 INFO  --- [Test worker] org.hibernate.cfg.Environment : HHH000206: hibernate.properties not found 
2018:12:11 19:16:39.745 INFO  --- [Test worker] o.h.annotations.common.Version : HCANN000001: Hibernate Commons Annotations {5.0.4.Final} 
2018:12:11 19:16:39.953 INFO  --- [Test worker] org.hibernate.dialect.Dialect : HHH000400: Using dialect: org.hibernate.dialect.MySQL57Dialect 
2018:12:11 19:16:40.619 INFO  --- [Test worker] o.s.o.j.LocalContainerEntityManagerFactoryBean : Initialized JPA EntityManagerFactory for persistence unit 'entityManagerUnit' 
2018:12:11 19:16:42.470 INFO  --- [Test worker] o.s.s.c.ThreadPoolTaskExecutor : Initializing ExecutorService 'applicationTaskExecutor' 
2018:12:11 19:16:42.532 WARN  --- [Test worker] o.s.b.a.o.j.JpaBaseConfiguration$JpaWebConfiguration$JpaWebMvcConfiguration : spring.jpa.open-in-view is enabled by default. Therefore, database queries may be performed during view rendering. Explicitly configure spring.jpa.open-in-view to disable this warning 
2018:12:11 19:16:44.207 INFO  --- [Test worker] o.s.b.a.e.web.EndpointLinksResolver : Exposing 15 endpoint(s) beneath base path '/actuator' 
2018:12:11 19:16:44.316 INFO  --- [Test worker] c.j.GiveMeAnEstimateApplicationTests : Started GiveMeAnEstimateApplicationTests in 7.714 seconds (JVM running for 9.173) 
2018:12:11 19:16:44.440 INFO  --- [Thread-7] o.s.s.c.ThreadPoolTaskExecutor : Shutting down ExecutorService 'applicationTaskExecutor' 
2018:12:11 19:16:44.443 INFO  --- [Thread-7] o.s.o.j.LocalContainerEntityManagerFactoryBean : Closing JPA EntityManagerFactory for persistence unit 'entityManagerUnit' 
2018:12:11 19:16:44.444 INFO  --- [Thread-7] com.zaxxer.hikari.HikariDataSource : HikariPool-1 - Shutdown initiated... 
2018:12:11 19:16:44.453 INFO  --- [Thread-7] com.zaxxer.hikari.HikariDataSource : HikariPool-1 - Shutdown completed. 
