2018:12:12 09:35:19.161 INFO  --- [main] c.juana.GiveMeAnEstimateApplication : Starting GiveMeAnEstimateApplication on juana.local with PID 84065 (/Users/juana/Documents/workspcae/GiveMeAnEstimates/out/production/classes started by juana in /Users/juana/Documents/workspcae/GiveMeAnEstimates) 
2018:12:12 09:35:19.162 INFO  --- [main] c.juana.GiveMeAnEstimateApplication : The following profiles are active: dev 
2018:12:12 09:35:19.846 INFO  --- [main] o.s.d.r.c.RepositoryConfigurationDelegate : Bootstrapping Spring Data repositories in DEFAULT mode. 
2018:12:12 09:35:19.896 INFO  --- [main] o.s.d.r.c.RepositoryConfigurationDelegate : Finished Spring Data repository scanning in 43ms. Found 1 repository interfaces. 
2018:12:12 09:35:20.549 INFO  --- [main] o.s.c.s.PostProcessorRegistrationDelegate$BeanPostProcessorChecker : Bean 'dataManagerConfig' of type [com.juana.config.DataManagerConfig$$EnhancerBySpringCGLIB$$f6f16b32] is not eligible for getting processed by all BeanPostProcessors (for example: not eligible for auto-proxying) 
2018:12:12 09:35:20.854 INFO  --- [main] o.s.c.s.PostProcessorRegistrationDelegate$BeanPostProcessorChecker : Bean 'org.springframework.transaction.annotation.ProxyTransactionManagementConfiguration' of type [org.springframework.transaction.annotation.ProxyTransactionManagementConfiguration$$EnhancerBySpringCGLIB$$6c8343c2] is not eligible for getting processed by all BeanPostProcessors (for example: not eligible for auto-proxying) 
2018:12:12 09:35:20.881 INFO  --- [main] o.s.c.s.PostProcessorRegistrationDelegate$BeanPostProcessorChecker : Bean 'org.springframework.hateoas.config.HateoasConfiguration' of type [org.springframework.hateoas.config.HateoasConfiguration$$EnhancerBySpringCGLIB$$ec0390f4] is not eligible for getting processed by all BeanPostProcessors (for example: not eligible for auto-proxying) 
2018:12:12 09:35:21.549 INFO  --- [main] o.s.b.w.e.tomcat.TomcatWebServer : Tomcat initialized with port(s): 8080 (http) 
2018:12:12 09:35:21.580 INFO  --- [main] o.a.coyote.http11.Http11NioProtocol : Initializing ProtocolHandler ["http-nio-8080"] 
2018:12:12 09:35:21.609 INFO  --- [main] o.a.catalina.core.StandardService : Starting service [Tomcat] 
2018:12:12 09:35:21.610 INFO  --- [main] o.a.catalina.core.StandardEngine : Starting Servlet Engine: Apache Tomcat/9.0.13 
2018:12:12 09:35:21.619 INFO  --- [main] o.a.c.core.AprLifecycleListener : The APR based Apache Tomcat Native library which allows optimal performance in production environments was not found on the java.library.path: [/Users/juana/Library/Java/Extensions:/Library/Java/Extensions:/Network/Library/Java/Extensions:/System/Library/Java/Extensions:/usr/lib/java:.] 
2018:12:12 09:35:21.917 INFO  --- [main] o.a.c.c.C.[Tomcat].[localhost].[/] : Initializing Spring embedded WebApplicationContext 
2018:12:12 09:35:21.917 INFO  --- [main] o.s.web.context.ContextLoader : Root WebApplicationContext: initialization completed in 2709 ms 
2018:12:12 09:35:22.700 ERROR --- [main] com.zaxxer.hikari.HikariConfig : Failed to load driver class com.mysql.cj.jdbc.Driver from HikariConfig class classloader sun.misc.Launcher$AppClassLoader@18b4aac2 
2018:12:12 09:35:22.708 ERROR --- [main] o.s.b.w.e.tomcat.TomcatStarter : Error starting Tomcat context. Exception: org.springframework.beans.factory.BeanCreationException. Message: Error creating bean with name 'servletEndpointRegistrar' defined in class path resource [org/springframework/boot/actuate/autoconfigure/endpoint/web/ServletEndpointManagementContextConfiguration$WebMvcServletEndpointManagementContextConfiguration.class]: Bean instantiation via factory method failed; nested exception is org.springframework.beans.BeanInstantiationException: Failed to instantiate [org.springframework.boot.actuate.endpoint.web.ServletEndpointRegistrar]: Factory method 'servletEndpointRegistrar' threw exception; nested exception is org.springframework.beans.factory.UnsatisfiedDependencyException: Error creating bean with name 'healthEndpoint' defined in class path resource [org/springframework/boot/actuate/autoconfigure/health/HealthEndpointConfiguration.class]: Unsatisfied dependency expressed through method 'healthEndpoint' parameter 1; nested exception is org.springframework.beans.factory.BeanCreationException: Error creating bean with name 'healthIndicatorRegistry' defined in class path resource [org/springframework/boot/actuate/autoconfigure/health/HealthIndicatorAutoConfiguration.class]: Bean instantiation via factory method failed; nested exception is org.springframework.beans.BeanInstantiationException: Failed to instantiate [org.springframework.boot.actuate.health.HealthIndicatorRegistry]: Factory method 'healthIndicatorRegistry' threw exception; nested exception is org.springframework.beans.factory.BeanCreationException: Error creating bean with name 'org.springframework.boot.actuate.autoconfigure.jdbc.DataSourceHealthIndicatorAutoConfiguration': Bean instantiation via constructor failed; nested exception is org.springframework.beans.BeanInstantiationException: Failed to instantiate [org.springframework.boot.actuate.autoconfigure.jdbc.DataSourceHealthIndicatorAutoConfiguration$$EnhancerBySpringCGLIB$$db679548]: Constructor threw exception; nested exception is org.springframework.boot.context.properties.ConfigurationPropertiesBindException: Error creating bean with name 'readDataSource': Could not bind properties to 'HikariDataSource' : prefix=database.datasource-read, ignoreInvalidFields=false, ignoreUnknownFields=true; nested exception is org.springframework.boot.context.properties.bind.BindException: Failed to bind properties under 'database.datasource-read' to javax.sql.DataSource 
2018:12:12 09:35:22.738 INFO  --- [main] o.a.catalina.core.StandardService : Stopping service [Tomcat] 
2018:12:12 09:35:22.749 WARN  --- [main] o.s.b.w.s.c.AnnotationConfigServletWebServerApplicationContext : Exception encountered during context initialization - cancelling refresh attempt: org.springframework.context.ApplicationContextException: Unable to start web server; nested exception is org.springframework.boot.web.server.WebServerException: Unable to start embedded Tomcat 
2018:12:12 09:35:22.820 ERROR --- [main] o.s.b.d.LoggingFailureAnalysisReporter : 

***************************
APPLICATION FAILED TO START
***************************

Description:

Failed to bind properties under 'database.datasource-read' to javax.sql.DataSource:

    Property: database.datasource-read.driverclassname
    Value: com.mysql.cj.jdbc.Driver
    Origin: class path resource [application.yml]:28:22
    Reason: Failed to load driver class com.mysql.cj.jdbc.Driver in either of HikariConfig class loader or Thread context classloader

Action:

Update your application's configuration
 
